<?xml version="1.0" encoding="UTF-8"?>
<!-- Generated by org.testng.reporters.JUnitXMLReporter -->
<testsuite ignored="0" hostname="DESKTOP-9E4JO2B" failures="1" tests="2" name="Quantity Test" time="46.978" errors="0" timestamp="2023-05-10T23:15:01 IST">
  <testcase classname="Opencart_Cart.Cart_BaseTest_ExtentReports" name="addMackbook_to_cart" time="23.815"/>
  <testcase classname="Opencart_Cart.Cart_BaseTest_ExtentReports" name="AddMackbook_to_cart2" time="5.784">
    <failure type="java.lang.AssertionError" message="expected [ExpectedErrorMessage] but found [ActualErrorMessage]">
      <![CDATA[java.lang.AssertionError: expected [ExpectedErrorMessage] but found [ActualErrorMessage]
at Opencart_Cart.Cart_Product_Cartview_Webelements.checkError(Cart_Product_Cartview_Webelements.java:54)
at Opencart_Cart.Cart_BaseTest_ExtentReports.AddMackbook_to_cart2(Cart_BaseTest_ExtentReports.java:93)
at java.base/java.util.ArrayList.forEach(ArrayList.java:1511)
... Removed 31 stack frames]]>
    </failure>
  </testcase> <!-- AddMackbook_to_cart2 -->
</testsuite> <!-- Quantity Test -->
