<?xml version="1.0" encoding="UTF-8"?>
<!-- Generated by org.testng.reporters.JUnitXMLReporter -->
<testsuite ignored="0" hostname="DESKTOP-9E4JO2B" failures="1" tests="2" name="Test" time="73.382" errors="0" timestamp="2023-05-09T21:58:46 IST">
  <testcase classname="Opencart_Cart.Cart_BaseTest_ExtentReports" name="addMackbook_to_cart" time="40.821"/>
  <testcase classname="Opencart_Cart.Cart_BaseTest_ExtentReports" name="AddMackbook_to_cart2" time="7.564">
    <failure type="java.lang.AssertionError" message="expected [ExpectedErrorMessage] but found [ActualErrorMessage]">
      <![CDATA[java.lang.AssertionError: expected [ExpectedErrorMessage] but found [ActualErrorMessage]
at Opencart_Cart.Cart_Product_Cartview_Webelements.checkError(Cart_Product_Cartview_Webelements.java:54)
at Opencart_Cart.Cart_BaseTest_ExtentReports.AddMackbook_to_cart2(Cart_BaseTest_ExtentReports.java:98)
at java.base/java.util.ArrayList.forEach(ArrayList.java:1511)
... Removed 31 stack frames]]>
    </failure>
  </testcase> <!-- AddMackbook_to_cart2 -->
</testsuite> <!-- Test -->
